<?xml version="1.0" encoding="UTF-8"?>
<testng-results ignored="0" total="1" passed="0" failed="1" skipped="0">
  <reporter-output>
  </reporter-output>
  <suite started-at="2018-05-12T18:32:04Z" name="Default suite" finished-at="2018-05-12T18:32:04Z" duration-ms="132">
    <groups>
    </groups>
    <test started-at="2018-05-12T18:32:04Z" name="Default test" finished-at="2018-05-12T18:32:04Z" duration-ms="132">
      <class name="Arifrasmi.mvnOne">
        <test-method signature="mavTwo()[pri:0, instance:Arifrasmi.mvnOne@2e377400]" started-at="2018-05-12T18:32:04Z" name="mavTwo" finished-at="2018-05-12T18:32:04Z" duration-ms="61" status="FAIL">
          <exception class="java.lang.NoSuchMethodError">
            <message>
              <![CDATA[org.openqa.selenium.os.CommandLine.find(Ljava/lang/String;)Ljava/lang/String;]]>
            </message>
            <full-stacktrace>
              <![CDATA[java.lang.NoSuchMethodError: org.openqa.selenium.os.CommandLine.find(Ljava/lang/String;)Ljava/lang/String;
at org.openqa.selenium.phantomjs.PhantomJSDriverService.findPhantomJS(PhantomJSDriverService.java:232)
at org.openqa.selenium.phantomjs.PhantomJSDriverService.createDefaultService(PhantomJSDriverService.java:181)
at org.openqa.selenium.phantomjs.PhantomJSDriver.<init>(PhantomJSDriver.java:105)
at org.openqa.selenium.phantomjs.PhantomJSDriver.<init>(PhantomJSDriver.java:95)
at Arifrasmi.mvnOne.mavTwo(mvnOne.java:14)
at java.base/jdk.internal.reflect.NativeMethodAccessorImpl.invoke0(Native Method)
at java.base/jdk.internal.reflect.NativeMethodAccessorImpl.invoke(NativeMethodAccessorImpl.java:62)
at java.base/jdk.internal.reflect.DelegatingMethodAccessorImpl.invoke(DelegatingMethodAccessorImpl.java:43)
at java.base/java.lang.reflect.Method.invoke(Method.java:564)
at org.testng.internal.MethodInvocationHelper.invokeMethod(MethodInvocationHelper.java:124)
at org.testng.internal.Invoker.invokeMethod(Invoker.java:580)
at org.testng.internal.Invoker.invokeTestMethod(Invoker.java:716)
at org.testng.internal.Invoker.invokeTestMethods(Invoker.java:988)
at org.testng.internal.TestMethodWorker.invokeTestMethods(TestMethodWorker.java:125)
at org.testng.internal.TestMethodWorker.run(TestMethodWorker.java:109)
at org.testng.TestRunner.privateRun(TestRunner.java:648)
at org.testng.TestRunner.run(TestRunner.java:505)
at org.testng.SuiteRunner.runTest(SuiteRunner.java:455)
at org.testng.SuiteRunner.runSequentially(SuiteRunner.java:450)
at org.testng.SuiteRunner.privateRun(SuiteRunner.java:415)
at org.testng.SuiteRunner.run(SuiteRunner.java:364)
at org.testng.SuiteRunnerWorker.runSuite(SuiteRunnerWorker.java:52)
at org.testng.SuiteRunnerWorker.run(SuiteRunnerWorker.java:84)
at org.testng.TestNG.runSuitesSequentially(TestNG.java:1208)
at org.testng.TestNG.runSuitesLocally(TestNG.java:1137)
at org.testng.TestNG.runSuites(TestNG.java:1049)
at org.testng.TestNG.run(TestNG.java:1017)
at org.testng.remote.AbstractRemoteTestNG.run(AbstractRemoteTestNG.java:114)
at org.testng.remote.RemoteTestNG.initAndRun(RemoteTestNG.java:251)
at org.testng.remote.RemoteTestNG.main(RemoteTestNG.java:77)
]]>
            </full-stacktrace>
          </exception> <!-- java.lang.NoSuchMethodError -->
          <reporter-output>
          </reporter-output>
        </test-method> <!-- mavTwo -->
      </class> <!-- Arifrasmi.mvnOne -->
    </test> <!-- Default test -->
  </suite> <!-- Default suite -->
</testng-results>
